<?xml version="1.0" encoding="UTF-8"?>
<!-- Generated by org.testng.reporters.JUnitReportReporter -->
<testsuite hostname="Alberts-MacBook-Pro.local" name="com.example.TestScript" tests="1" failures="0" timestamp="11 Mar 2017 13:41:16 GMT" time="1.498" errors="0">
  <testcase name="runTestCase" time="1.498" classname="com.example.TestScript"/>
</testsuite> <!-- com.example.TestScript -->
